TN:
SF:src/config/index.ts
FN:7,(anonymous_0)
FN:7,(anonymous_1)
FN:7,(anonymous_2)
FNF:3
FNH:3
FNDA:1,(anonymous_0)
FNDA:1,(anonymous_1)
FNDA:1,(anonymous_2)
DA:7,2
LF:1
LH:1
BRF:0
BRH:0
end_of_record
TN:
SF:src/config/loader.ts
FN:16,loadCompanyConfig
FN:37,(anonymous_1)
FN:74,getConfig
FN:87,clearConfigCache
FNF:4
FNH:0
FNDA:0,loadCompanyConfig
FNDA:0,(anonymous_1)
FNDA:0,getConfig
FNDA:0,clearConfigCache
DA:1,1
DA:2,1
DA:3,1
DA:4,1
DA:16,1
DA:17,0
DA:19,0
DA:21,0
DA:25,0
DA:26,0
DA:28,0
DA:29,0
DA:33,0
DA:35,0
DA:37,0
DA:38,0
DA:39,0
DA:42,0
DA:43,0
DA:46,0
DA:49,0
DA:51,0
DA:52,0
DA:54,0
DA:55,0
DA:56,0
DA:58,0
DA:59,0
DA:62,0
DA:63,0
DA:74,1
DA:76,0
DA:77,0
DA:80,0
DA:87,1
DA:88,0
LF:36
LH:7
BRDA:35,0,0,0
BRDA:35,0,1,0
BRDA:39,1,0,0
BRDA:39,1,1,0
BRDA:49,2,0,0
BRDA:49,2,1,0
BRDA:52,3,0,0
BRDA:52,3,1,0
BRDA:56,4,0,0
BRDA:56,4,1,0
BRDA:76,5,0,0
BRDA:76,5,1,0
BRF:12
BRH:0
end_of_record
TN:
SF:src/config/schema.ts
FNF:0
FNH:0
DA:1,1
DA:6,1
DA:20,1
LF:3
LH:3
BRF:0
BRH:0
end_of_record
TN:
SF:src/matching/index.ts
FN:6,(anonymous_0)
FN:6,(anonymous_1)
FNF:2
FNH:2
FNDA:31,(anonymous_0)
FNDA:27,(anonymous_1)
DA:6,32
LF:1
LH:1
BRF:0
BRH:0
end_of_record
TN:
SF:src/matching/matcher.ts
FN:14,getServiceMatcher
FN:51,findServiceWithConfidence
FN:87,clearMatcherCache
FNF:3
FNH:3
FNDA:31,getServiceMatcher
FNDA:31,findServiceWithConfidence
FNDA:27,clearMatcherCache
DA:1,1
DA:2,1
DA:7,1
DA:8,1
DA:14,1
DA:16,31
DA:17,3
DA:21,28
DA:22,1
DA:26,27
DA:27,27
DA:29,27
DA:30,5
DA:34,22
DA:42,22
DA:51,1
DA:55,31
DA:56,31
DA:57,6
DA:61,25
DA:63,25
DA:64,7
DA:68,18
DA:69,18
DA:72,18
DA:73,1
DA:77,17
DA:87,1
DA:88,27
DA:89,27
LF:30
LH:30
BRDA:16,0,0,3
BRDA:16,0,1,28
BRDA:21,1,0,1
BRDA:21,1,1,27
BRDA:21,2,0,28
BRDA:21,2,1,1
BRDA:29,3,0,5
BRDA:29,3,1,22
BRDA:29,4,0,27
BRDA:29,4,1,24
BRDA:29,4,2,23
BRDA:53,5,0,30
BRDA:56,6,0,6
BRDA:56,6,1,25
BRDA:63,7,0,7
BRDA:63,7,1,18
BRDA:69,8,0,18
BRDA:69,8,1,0
BRDA:72,9,0,1
BRDA:72,9,1,17
BRF:20
BRH:19
end_of_record
